Determining if the pthread_create exist failed with the following output:
Change Dir: /workspace/home/catkin_ws/build/CMakeFiles/CMakeTmp

Run Build Command:"/usr/bin/make" "cmTC_a59bd/fast"
/usr/bin/make -f CMakeFiles/cmTC_a59bd.dir/build.make CMakeFiles/cmTC_a59bd.dir/build
make[1]: Entering directory '/workspace/home/catkin_ws/build/CMakeFiles/CMakeTmp'
Building C object CMakeFiles/cmTC_a59bd.dir/CheckSymbolExists.c.o
/usr/bin/cc    -o CMakeFiles/cmTC_a59bd.dir/CheckSymbolExists.c.o   -c /workspace/home/catkin_ws/build/CMakeFiles/CMakeTmp/CheckSymbolExists.c
Linking C executable cmTC_a59bd
/usr/local/bin/cmake -E cmake_link_script CMakeFiles/cmTC_a59bd.dir/link.txt --verbose=1
/usr/bin/cc      -rdynamic CMakeFiles/cmTC_a59bd.dir/CheckSymbolExists.c.o  -o cmTC_a59bd 
CMakeFiles/cmTC_a59bd.dir/CheckSymbolExists.c.o: In function `main':
CheckSymbolExists.c:(.text+0x16): undefined reference to `pthread_create'
collect2: error: ld returned 1 exit status
CMakeFiles/cmTC_a59bd.dir/build.make:86: recipe for target 'cmTC_a59bd' failed
make[1]: *** [cmTC_a59bd] Error 1
make[1]: Leaving directory '/workspace/home/catkin_ws/build/CMakeFiles/CMakeTmp'
Makefile:121: recipe for target 'cmTC_a59bd/fast' failed
make: *** [cmTC_a59bd/fast] Error 2

File /workspace/home/catkin_ws/build/CMakeFiles/CMakeTmp/CheckSymbolExists.c:
/* */
#include <pthread.h>

int main(int argc, char** argv)
{
  (void)argv;
#ifndef pthread_create
  return ((int*)(&pthread_create))[argc];
#else
  (void)argc;
  return 0;
#endif
}

Determining if the function pthread_create exists in the pthreads failed with the following output:
Change Dir: /workspace/home/catkin_ws/build/CMakeFiles/CMakeTmp

Run Build Command:"/usr/bin/make" "cmTC_f3e21/fast"
/usr/bin/make -f CMakeFiles/cmTC_f3e21.dir/build.make CMakeFiles/cmTC_f3e21.dir/build
make[1]: Entering directory '/workspace/home/catkin_ws/build/CMakeFiles/CMakeTmp'
Building C object CMakeFiles/cmTC_f3e21.dir/CheckFunctionExists.c.o
/usr/bin/cc   -DCHECK_FUNCTION_EXISTS=pthread_create   -o CMakeFiles/cmTC_f3e21.dir/CheckFunctionExists.c.o   -c /usr/local/share/cmake-3.13/Modules/CheckFunctionExists.c
Linking C executable cmTC_f3e21
/usr/local/bin/cmake -E cmake_link_script CMakeFiles/cmTC_f3e21.dir/link.txt --verbose=1
/usr/bin/cc  -DCHECK_FUNCTION_EXISTS=pthread_create    -rdynamic CMakeFiles/cmTC_f3e21.dir/CheckFunctionExists.c.o  -o cmTC_f3e21 -lpthreads 
/usr/bin/ld: cannot find -lpthreads
collect2: error: ld returned 1 exit status
CMakeFiles/cmTC_f3e21.dir/build.make:86: recipe for target 'cmTC_f3e21' failed
make[1]: *** [cmTC_f3e21] Error 1
make[1]: Leaving directory '/workspace/home/catkin_ws/build/CMakeFiles/CMakeTmp'
Makefile:121: recipe for target 'cmTC_f3e21/fast' failed
make: *** [cmTC_f3e21/fast] Error 2


